2014-12-02 12:05:30
Full thread dump Java HotSpot(TM) 64-Bit Server VM (24.60-b09 mixed mode):

"Attach Listener" daemon prio=10 tid=0x00007fa124001000 nid=0x1cfb waiting on condition [0x0000000000000000]
   java.lang.Thread.State: RUNNABLE

   Locked ownable synchronizers:
	- None

"main-EventThread" daemon prio=10 tid=0x00007fa15851a800 nid=0x1cda waiting on condition [0x00007fa146048000]
   java.lang.Thread.State: WAITING (parking)
	at sun.misc.Unsafe.park(Native Method)
	- parking to wait for  <0x00000000d9780ca0> (a java.util.concurrent.locks.AbstractQueuedSynchronizer$ConditionObject)
	at java.util.concurrent.locks.LockSupport.park(LockSupport.java:186)
	at java.util.concurrent.locks.AbstractQueuedSynchronizer$ConditionObject.await(AbstractQueuedSynchronizer.java:2043)
	at java.util.concurrent.LinkedBlockingQueue.take(LinkedBlockingQueue.java:442)
	at org.apache.zookeeper.ClientCnxn$EventThread.run(ClientCnxn.java:494)

   Locked ownable synchronizers:
	- None

"main-SendThread(localhost:2181)" daemon prio=10 tid=0x00007fa158506000 nid=0x1cd9 runnable [0x00007fa146149000]
   java.lang.Thread.State: RUNNABLE
	at sun.nio.ch.EPollArrayWrapper.epollWait(Native Method)
	at sun.nio.ch.EPollArrayWrapper.poll(EPollArrayWrapper.java:269)
	at sun.nio.ch.EPollSelectorImpl.doSelect(EPollSelectorImpl.java:79)
	at sun.nio.ch.SelectorImpl.lockAndDoSelect(SelectorImpl.java:87)
	- locked <0x00000000d9780e40> (a sun.nio.ch.Util$2)
	- locked <0x00000000d9780e50> (a java.util.Collections$UnmodifiableSet)
	- locked <0x00000000d9780df8> (a sun.nio.ch.EPollSelectorImpl)
	at sun.nio.ch.SelectorImpl.select(SelectorImpl.java:98)
	at org.apache.zookeeper.ClientCnxnSocketNIO.doTransport(ClientCnxnSocketNIO.java:349)
	at org.apache.zookeeper.ClientCnxn$SendThread.run(ClientCnxn.java:1081)

   Locked ownable synchronizers:
	- None

"Service Thread" daemon prio=10 tid=0x00007fa158097800 nid=0x1cd4 runnable [0x0000000000000000]
   java.lang.Thread.State: RUNNABLE

   Locked ownable synchronizers:
	- None

"C2 CompilerThread1" daemon prio=10 tid=0x00007fa158095000 nid=0x1cd3 waiting on condition [0x0000000000000000]
   java.lang.Thread.State: RUNNABLE

   Locked ownable synchronizers:
	- None

"C2 CompilerThread0" daemon prio=10 tid=0x00007fa158092000 nid=0x1cd2 waiting on condition [0x0000000000000000]
   java.lang.Thread.State: RUNNABLE

   Locked ownable synchronizers:
	- None

"Signal Dispatcher" daemon prio=10 tid=0x00007fa158090800 nid=0x1cd1 runnable [0x0000000000000000]
   java.lang.Thread.State: RUNNABLE

   Locked ownable synchronizers:
	- None

"Finalizer" daemon prio=10 tid=0x00007fa158071000 nid=0x1ccf in Object.wait() [0x00007fa14706b000]
   java.lang.Thread.State: WAITING (on object monitor)
	at java.lang.Object.wait(Native Method)
	- waiting on <0x00000000d9789c80> (a java.lang.ref.ReferenceQueue$Lock)
	at java.lang.ref.ReferenceQueue.remove(ReferenceQueue.java:135)
	- locked <0x00000000d9789c80> (a java.lang.ref.ReferenceQueue$Lock)
	at java.lang.ref.ReferenceQueue.remove(ReferenceQueue.java:151)
	at java.lang.ref.Finalizer$FinalizerThread.run(Finalizer.java:209)

   Locked ownable synchronizers:
	- None

"Reference Handler" daemon prio=10 tid=0x00007fa15806f000 nid=0x1cce in Object.wait() [0x00007fa14716c000]
   java.lang.Thread.State: WAITING (on object monitor)
	at java.lang.Object.wait(Native Method)
	- waiting on <0x00000000d9789808> (a java.lang.ref.Reference$Lock)
	at java.lang.Object.wait(Object.java:503)
	at java.lang.ref.Reference$ReferenceHandler.run(Reference.java:133)
	- locked <0x00000000d9789808> (a java.lang.ref.Reference$Lock)

   Locked ownable synchronizers:
	- None

"main" prio=10 tid=0x00007fa15800b000 nid=0x1cc8 waiting on condition [0x00007fa15cefa000]
   java.lang.Thread.State: TIMED_WAITING (sleeping)
	at java.lang.Thread.sleep(Native Method)
	at org.apache.hadoop.hbase.client.RpcRetryingCaller.callWithRetries(RpcRetryingCaller.java:151)
	- locked <0x00000000d8082dd8> (a org.apache.hadoop.hbase.client.RpcRetryingCaller)
	at org.apache.hadoop.hbase.client.HTable.getRowOrBefore(HTable.java:721)
	at org.apache.hadoop.hbase.examples.ConnectionRefuseReproduce.main(ConnectionRefuseReproduce.java:37)

   Locked ownable synchronizers:
	- None

"VM Thread" prio=10 tid=0x00007fa15806b000 nid=0x1ccd runnable 

"GC task thread#0 (ParallelGC)" prio=10 tid=0x00007fa158021000 nid=0x1cc9 runnable 

"GC task thread#1 (ParallelGC)" prio=10 tid=0x00007fa158023000 nid=0x1cca runnable 

"GC task thread#2 (ParallelGC)" prio=10 tid=0x00007fa158024800 nid=0x1ccb runnable 

"GC task thread#3 (ParallelGC)" prio=10 tid=0x00007fa158026800 nid=0x1ccc runnable 

"VM Periodic Task Thread" prio=10 tid=0x00007fa1580aa800 nid=0x1cd5 waiting on condition 

JNI global references: 271

