2014-12-01 16:17:23
Full thread dump Java HotSpot(TM) 64-Bit Server VM (24.60-b09 mixed mode):

"Attach Listener" daemon prio=10 tid=0x00007f72dc001000 nid=0x2809 waiting on condition [0x0000000000000000]
   java.lang.Thread.State: RUNNABLE

   Locked ownable synchronizers:
	- None

"main-EventThread" daemon prio=10 tid=0x00007f730054c800 nid=0x2789 waiting on condition [0x00007f72fc3c2000]
   java.lang.Thread.State: WAITING (parking)
	at sun.misc.Unsafe.park(Native Method)
	- parking to wait for  <0x00000000d9780a70> (a java.util.concurrent.locks.AbstractQueuedSynchronizer$ConditionObject)
	at java.util.concurrent.locks.LockSupport.park(LockSupport.java:186)
	at java.util.concurrent.locks.AbstractQueuedSynchronizer$ConditionObject.await(AbstractQueuedSynchronizer.java:2043)
	at java.util.concurrent.LinkedBlockingQueue.take(LinkedBlockingQueue.java:442)
	at org.apache.zookeeper.ClientCnxn$EventThread.run(ClientCnxn.java:494)

   Locked ownable synchronizers:
	- None

"main-SendThread(localhost:2181)" daemon prio=10 tid=0x00007f730056f800 nid=0x2788 runnable [0x00007f72fc6d4000]
   java.lang.Thread.State: RUNNABLE
	at sun.nio.ch.EPollArrayWrapper.epollWait(Native Method)
	at sun.nio.ch.EPollArrayWrapper.poll(EPollArrayWrapper.java:269)
	at sun.nio.ch.EPollSelectorImpl.doSelect(EPollSelectorImpl.java:79)
	at sun.nio.ch.SelectorImpl.lockAndDoSelect(SelectorImpl.java:87)
	- locked <0x00000000d9780c10> (a sun.nio.ch.Util$2)
	- locked <0x00000000d9780c20> (a java.util.Collections$UnmodifiableSet)
	- locked <0x00000000d9780bc8> (a sun.nio.ch.EPollSelectorImpl)
	at sun.nio.ch.SelectorImpl.select(SelectorImpl.java:98)
	at org.apache.zookeeper.ClientCnxnSocketNIO.doTransport(ClientCnxnSocketNIO.java:349)
	at org.apache.zookeeper.ClientCnxn$SendThread.run(ClientCnxn.java:1081)

   Locked ownable synchronizers:
	- None

"Service Thread" daemon prio=10 tid=0x00007f7300097800 nid=0x2783 runnable [0x0000000000000000]
   java.lang.Thread.State: RUNNABLE

   Locked ownable synchronizers:
	- None

"C2 CompilerThread1" daemon prio=10 tid=0x00007f7300095000 nid=0x2782 waiting on condition [0x0000000000000000]
   java.lang.Thread.State: RUNNABLE

   Locked ownable synchronizers:
	- None

"C2 CompilerThread0" daemon prio=10 tid=0x00007f7300092000 nid=0x2781 waiting on condition [0x0000000000000000]
   java.lang.Thread.State: RUNNABLE

   Locked ownable synchronizers:
	- None

"Signal Dispatcher" daemon prio=10 tid=0x00007f7300090800 nid=0x2780 runnable [0x0000000000000000]
   java.lang.Thread.State: RUNNABLE

   Locked ownable synchronizers:
	- None

"Finalizer" daemon prio=10 tid=0x00007f7300071000 nid=0x277e in Object.wait() [0x00007f7304595000]
   java.lang.Thread.State: WAITING (on object monitor)
	at java.lang.Object.wait(Native Method)
	- waiting on <0x00000000d97891b8> (a java.lang.ref.ReferenceQueue$Lock)
	at java.lang.ref.ReferenceQueue.remove(ReferenceQueue.java:135)
	- locked <0x00000000d97891b8> (a java.lang.ref.ReferenceQueue$Lock)
	at java.lang.ref.ReferenceQueue.remove(ReferenceQueue.java:151)
	at java.lang.ref.Finalizer$FinalizerThread.run(Finalizer.java:209)

   Locked ownable synchronizers:
	- None

"Reference Handler" daemon prio=10 tid=0x00007f730006f000 nid=0x277d in Object.wait() [0x00007f7304696000]
   java.lang.Thread.State: WAITING (on object monitor)
	at java.lang.Object.wait(Native Method)
	- waiting on <0x00000000d9788d40> (a java.lang.ref.Reference$Lock)
	at java.lang.Object.wait(Object.java:503)
	at java.lang.ref.Reference$ReferenceHandler.run(Reference.java:133)
	- locked <0x00000000d9788d40> (a java.lang.ref.Reference$Lock)

   Locked ownable synchronizers:
	- None

"main" prio=10 tid=0x00007f730000b000 nid=0x2777 waiting on condition [0x00007f7307347000]
   java.lang.Thread.State: TIMED_WAITING (sleeping)
	at java.lang.Thread.sleep(Native Method)
	at org.apache.hadoop.hbase.client.RpcRetryingCaller.callWithRetries(RpcRetryingCaller.java:151)
	- locked <0x00000000d81ad278> (a org.apache.hadoop.hbase.client.RpcRetryingCaller)
	at org.apache.hadoop.hbase.client.HTable.getRowOrBefore(HTable.java:721)
	at org.apache.hadoop.hbase.client.MetaScanner.metaScan(MetaScanner.java:144)
	at org.apache.hadoop.hbase.client.HConnectionManager$HConnectionImplementation.prefetchRegionCache(HConnectionManager.java:1140)
	at org.apache.hadoop.hbase.client.HConnectionManager$HConnectionImplementation.locateRegionInMeta(HConnectionManager.java:1202)
	- locked <0x00000000d97994d0> (a java.lang.Object)
	at org.apache.hadoop.hbase.client.HConnectionManager$HConnectionImplementation.locateRegion(HConnectionManager.java:1092)
	at org.apache.hadoop.hbase.client.HConnectionManager$HConnectionImplementation.locateRegion(HConnectionManager.java:1049)
	at org.apache.hadoop.hbase.client.HConnectionManager$HConnectionImplementation.getRegionLocation(HConnectionManager.java:890)
	at org.apache.hadoop.hbase.client.RegionServerCallable.prepare(RegionServerCallable.java:72)
	at org.apache.hadoop.hbase.client.RpcRetryingCaller.callWithRetries(RpcRetryingCaller.java:116)
	- locked <0x00000000d80a5138> (a org.apache.hadoop.hbase.client.RpcRetryingCaller)
	at org.apache.hadoop.hbase.client.HTable.get(HTable.java:787)
	at org.apache.hadoop.hbase.examples.customer.GetTable.main(GetTable.java:20)

   Locked ownable synchronizers:
	- None

"VM Thread" prio=10 tid=0x00007f730006b000 nid=0x277c runnable 

"GC task thread#0 (ParallelGC)" prio=10 tid=0x00007f7300021000 nid=0x2778 runnable 

"GC task thread#1 (ParallelGC)" prio=10 tid=0x00007f7300023000 nid=0x2779 runnable 

"GC task thread#2 (ParallelGC)" prio=10 tid=0x00007f7300024800 nid=0x277a runnable 

"GC task thread#3 (ParallelGC)" prio=10 tid=0x00007f7300026800 nid=0x277b runnable 

"VM Periodic Task Thread" prio=10 tid=0x00007f73000a2800 nid=0x2784 waiting on condition 

JNI global references: 304

